Running php-build composer
WARNING! Your password will be stored unencrypted in /home/runner/.docker/config.json.
Configure a credential helper to remove this warning. See
https://docs.docker.com/engine/reference/commandline/login/#credentials-store

Login Succeeded
Pulling docker.pkg.github.com/impress-org/give-divi/php-actions_composer_give-divi:php-7.4-build2
php-7.4-build2: Pulling from impress-org/give-divi/php-actions_composer_give-divi
59bf1c3509f3: Already exists
7c7da25b2876: Pulling fs layer
2bc599114627: Pulling fs layer
927a0b37a45a: Pulling fs layer
1766f36e2432: Pulling fs layer
4c13e0891ac6: Pulling fs layer
96910ad0ba0c: Pulling fs layer
0e19de6ed54b: Pulling fs layer
048644398ce6: Pulling fs layer
da4081786ecc: Pulling fs layer
1766f36e2432: Waiting
4c13e0891ac6: Waiting
96910ad0ba0c: Waiting
0e19de6ed54b: Waiting
048644398ce6: Waiting
da4081786ecc: Waiting
927a0b37a45a: Verifying Checksum
927a0b37a45a: Download complete
2bc599114627: Verifying Checksum
2bc599114627: Download complete
7c7da25b2876: Verifying Checksum
7c7da25b2876: Download complete
4c13e0891ac6: Verifying Checksum
4c13e0891ac6: Download complete
7c7da25b2876: Pull complete
96910ad0ba0c: Verifying Checksum
96910ad0ba0c: Download complete
2bc599114627: Pull complete
0e19de6ed54b: Verifying Checksum
0e19de6ed54b: Download complete
1766f36e2432: Verifying Checksum
1766f36e2432: Download complete
927a0b37a45a: Pull complete
048644398ce6: Verifying Checksum
048644398ce6: Download complete
1766f36e2432: Pull complete
4c13e0891ac6: Pull complete
da4081786ecc: Verifying Checksum
da4081786ecc: Download complete
96910ad0ba0c: Pull complete
0e19de6ed54b: Pull complete
048644398ce6: Pull complete
da4081786ecc: Pull complete
Digest: sha256:3b5dbe83774a4229bafa5065f8d9ec7dc5196429cd24f1fdcb0b20034435c0c1
Status: Downloaded newer image for docker.pkg.github.com/impress-org/give-divi/php-actions_composer_give-divi:php-7.4-build2
docker.pkg.github.com/impress-org/give-divi/php-actions_composer_give-divi:php-7.4-build2
Docker tag: docker.pkg.github.com/impress-org/give-divi/php-actions_composer_give-divi:php-7.4-build2
No private keys supplied
Command: composer install --no-dev --no-progress --no-interaction
Skipping env variable PWD
Skipping env variable HOME
Skipping env variable SHLVL
Skipping env variable PATH
